<?xml version="1.0" encoding="UTF-8"?>
<!-- Generated by org.testng.reporters.JUnitReportReporter -->
<testsuite hostname="narendar" failures="0" tests="1" name="testngprgms.Assertdemo" time="0.012" errors="0" timestamp="2024-07-01T14:23:07 IST" skipped="0">
  <testcase classname="testngprgms.Assertdemo" name="testtitle" time="0.012"/>
  <system-out/>
</testsuite> <!-- testngprgms.Assertdemo -->
