<?xml version="1.0" encoding="UTF-8"?>
<!-- Generated by org.testng.reporters.JUnitReportReporter -->
<testsuite hostname="narendar" failures="0" tests="2" name="testngprgms.pgm2" time="0.006" errors="0" timestamp="2024-07-08T13:49:28 IST" skipped="0">
  <testcase classname="testngprgms.pgm2" name="login" time="0.005"/>
  <system-out/>
  <testcase classname="testngprgms.pgm2" name="logout" time="0.001"/>
  <system-out/>
</testsuite> <!-- testngprgms.pgm2 -->
