<?xml version="1.0" encoding="UTF-8"?>
<!-- Generated by org.testng.reporters.JUnitReportReporter -->
<testsuite hostname="narendar" failures="0" tests="1" name="introduction.Selen4newfea" time="0.099" errors="0" timestamp="2024-07-11T16:13:21 IST" skipped="0">
  <testcase classname="introduction.Selen4newfea" name="rellocator" time="0.099"/>
  <system-out/>
</testsuite> <!-- introduction.Selen4newfea -->
