<?xml version="1.0" encoding="UTF-8"?>
<!-- Generated by org.testng.reporters.JUnitReportReporter -->
<testsuite hostname="narendar" failures="0" tests="2" name="testngprgms.groupingmethods2" time="0.011" errors="0" timestamp="2024-07-05T16:31:38 IST" skipped="0">
  <testcase classname="testngprgms.groupingmethods2" name="paymentinrupees" time="0.010"/>
  <system-out/>
  <testcase classname="testngprgms.groupingmethods2" name="paymentindollors" time="0.001"/>
  <system-out/>
</testsuite> <!-- testngprgms.groupingmethods2 -->
