<?xml version="1.0" encoding="UTF-8"?>
<!-- Generated by org.testng.reporters.JUnitReportReporter -->
<testsuite hostname="narendar" failures="0" tests="4" name="apachepoi.Datadriventest" time="0.013" errors="0" timestamp="2024-06-29T15:46:07 IST" skipped="0">
  <testcase classname="apachepoi.Datadriventest" name="Testdata" time="0.002"/>
  <system-out/>
  <testcase classname="apachepoi.Datadriventest" name="Testdata" time="0.007"/>
  <system-out/>
  <testcase classname="apachepoi.Datadriventest" name="Testdata" time="0.002"/>
  <system-out/>
  <testcase classname="apachepoi.Datadriventest" name="Testdata" time="0.002"/>
  <system-out/>
</testsuite> <!-- apachepoi.Datadriventest -->
