<?xml version="1.0" encoding="UTF-8"?>
<!-- Generated by org.testng.reporters.JUnitReportReporter -->
<testsuite hostname="narendar" failures="0" tests="1" name="ecommerceproject.guruproject5" time="24.766" errors="0" timestamp="2024-05-03T15:54:04 IST" skipped="0">
  <testcase classname="ecommerceproject.guruproject5" name="setup" time="24.766"/>
  <system-out/>
</testsuite> <!-- ecommerceproject.guruproject5 -->
