<?xml version="1.0" encoding="UTF-8"?>
<!-- Generated by org.testng.reporters.JUnitReportReporter -->
<testsuite hostname="narendar" failures="0" tests="2" name="testngprgms.pack.c1" time="0.007" errors="0" timestamp="2024-07-01T13:59:26 IST" skipped="0">
  <testcase classname="testngprgms.pack.c1" name="login" time="0.006"/>
  <system-out/>
  <testcase classname="testngprgms.pack.c1" name="login" time="0.001"/>
  <system-out/>
</testsuite> <!-- testngprgms.pack.c1 -->
