<?xml version="1.0" encoding="UTF-8"?>
<!-- Generated by org.testng.reporters.JUnitReportReporter -->
<testsuite hostname="narendar" failures="0" tests="2" name="testngprgms.pgm1" time="0.009" errors="0" timestamp="2024-07-08T13:49:02 IST" skipped="0">
  <testcase classname="testngprgms.pgm1" name="logout" time="0.008"/>
  <system-out/>
  <testcase classname="testngprgms.pgm1" name="login" time="0.001"/>
  <system-out/>
</testsuite> <!-- testngprgms.pgm1 -->
