<?xml version="1.0" encoding="UTF-8"?>
<!-- Generated by org.testng.reporters.JUnitReportReporter -->
<testsuite hostname="narendar" failures="0" tests="2" name="testngprgms.Allannotations" time="0.012" errors="0" timestamp="2024-07-01T14:07:04 IST" skipped="0">
  <testcase classname="testngprgms.Allannotations" name="login" time="0.007"/>
  <system-out/>
  <testcase classname="testngprgms.Allannotations" name="logout1" time="0.005"/>
  <system-out/>
</testsuite> <!-- testngprgms.Allannotations -->
