<?xml version="1.0" encoding="UTF-8"?>
<!-- Generated by org.testng.reporters.JUnitReportReporter -->
<testsuite hostname="narendar" failures="0" tests="1" name="ecommerceproject.NewTest" time="13.202" errors="0" timestamp="2024-04-30T00:48:55 IST" skipped="0">
  <testcase classname="ecommerceproject.NewTest" name="testcase1" time="13.202"/>
  <system-out/>
</testsuite> <!-- ecommerceproject.NewTest -->
