<?xml version="1.0" encoding="UTF-8"?>
<!-- Generated by org.testng.reporters.JUnitReportReporter -->
<testsuite hostname="narendar" failures="0" tests="3" name="testngprgms.groupingmethods1" time="0.001" errors="0" timestamp="2024-07-05T16:36:09 IST" skipped="0">
  <testcase classname="testngprgms.groupingmethods1" name="signupbyemail" time="0.000"/>
  <system-out/>
  <testcase classname="testngprgms.groupingmethods1" name="signupbyfb" time="0.001"/>
  <system-out/>
  <testcase classname="testngprgms.groupingmethods1" name="signupbytwitter" time="0.000"/>
  <system-out/>
</testsuite> <!-- testngprgms.groupingmethods1 -->
