<?xml version="1.0" encoding="UTF-8"?>
<!-- Generated by org.testng.reporters.JUnitReportReporter -->
<testsuite hostname="narendar" failures="0" tests="6" name="testngprgms.paramtesting" time="0.191" errors="0" timestamp="2024-07-08T16:10:06 IST" skipped="0">
  <testcase classname="testngprgms.paramtesting" name="testlogo" time="0.069"/>
  <system-out/>
  <testcase classname="testngprgms.paramtesting" name="testlogo" time="0.044"/>
  <system-out/>
  <testcase classname="testngprgms.paramtesting" name="testtitle" time="0.022"/>
  <system-out/>
  <testcase classname="testngprgms.paramtesting" name="testtitle" time="0.016"/>
  <system-out/>
  <testcase classname="testngprgms.paramtesting" name="testurl" time="0.024"/>
  <system-out/>
  <testcase classname="testngprgms.paramtesting" name="testurl" time="0.016"/>
  <system-out/>
</testsuite> <!-- testngprgms.paramtesting -->
