<?xml version="1.0" encoding="UTF-8"?>
<!-- Generated by org.testng.reporters.JUnitReportReporter -->
<testsuite hostname="narendar" failures="0" tests="3" name="testngprgms.groupingconcept" time="0.010" errors="0" timestamp="2024-07-05T16:36:09 IST" skipped="0">
  <testcase classname="testngprgms.groupingconcept" name="loginbyemail" time="0.008"/>
  <system-out/>
  <testcase classname="testngprgms.groupingconcept" name="loginbyfb" time="0.001"/>
  <system-out/>
  <testcase classname="testngprgms.groupingconcept" name="loginbytwitter" time="0.001"/>
  <system-out/>
</testsuite> <!-- testngprgms.groupingconcept -->
